/COM,ANSYS RELEASE 14.5    UP20120918       08:45:25    03/11/2014

 *** WARNING ***                         CP =       3.588   TIME= 08:45:32
 Previous testing revealed that 236 of the 52426 selected elements       
 violate shape warning limits.  To review warning messages, please see   
 the output or error file, or issue the CHECK command.                   

 *** WARNING ***                         CP =     261.504   TIME= 08:49:07
 Previous testing revealed that 236 of the 52426 selected elements       
 violate shape warning limits.  To review warning messages, please see   
 the output or error file, or issue the CHECK command.                   

 *** WARNING ***                         CP =     426.210   TIME= 08:51:10
 Previous testing revealed that 236 of the 52426 selected elements       
 violate shape warning limits.  To review warning messages, please see   
 the output or error file, or issue the CHECK command.                   

 *** WARNING ***                         CP =     590.807   TIME= 08:53:11
 Previous testing revealed that 236 of the 52426 selected elements       
 violate shape warning limits.  To review warning messages, please see   
 the output or error file, or issue the CHECK command.                   

 *** WARNING ***                         CP =     758.711   TIME= 08:55:17
 Previous testing revealed that 236 of the 52426 selected elements       
 violate shape warning limits.  To review warning messages, please see   
 the output or error file, or issue the CHECK command.                   

 *** WARNING ***                         CP =     920.250   TIME= 08:57:17
 Previous testing revealed that 236 of the 52426 selected elements       
 violate shape warning limits.  To review warning messages, please see   
 the output or error file, or issue the CHECK command.                   

 *** WARNING ***                         CP =    1080.681   TIME= 08:59:15
 Previous testing revealed that 236 of the 52426 selected elements       
 violate shape warning limits.  To review warning messages, please see   
 the output or error file, or issue the CHECK command.                   
